<?xml version="1.0" encoding="UTF-8"?>
<!-- Generated by org.testng.reporters.JUnitReportReporter -->
<testsuite hostname="Rahuls-MacBook-Pro.local" failures="0" tests="4" name="Stores.StoreE2E" time="0.109" errors="0" timestamp="2019-08-29T13:07:10 BST" skipped="0">
  <testcase classname="Stores.StoreE2E" name="DeleteStore" time="0.012"/>
  <testcase classname="Stores.StoreE2E" name="AddStore" time="0.039"/>
  <testcase classname="Stores.StoreE2E" name="GetAllStore" time="0.034"/>
  <testcase classname="Stores.StoreE2E" name="GetStoreById" time="0.024"/>
</testsuite> <!-- Stores.StoreE2E -->
