<?xml version="1.0" encoding="UTF-8"?>
<!-- Generated by org.testng.reporters.JUnitReportReporter -->
<testsuite hostname="Rahuls-MacBook-Pro.local" failures="0" tests="1" name="Categories.GetCategoryByID" time="0.048" errors="0" timestamp="2019-08-29T13:07:10 BST" skipped="0">
  <testcase classname="Categories.GetCategoryByID" name="GetCategoryByID1" time="0.048"/>
</testsuite> <!-- Categories.GetCategoryByID -->
