<?xml version="1.0" encoding="UTF-8"?>
<!-- Generated by org.testng.reporters.JUnitReportReporter -->
<testsuite hostname="Rahuls-MacBook-Pro.local" failures="0" tests="2" name="Services.DeleteService" time="0.135" errors="0" timestamp="2019-08-29T13:22:22 BST" skipped="0">
  <testcase classname="Services.DeleteService" name="DeleteService2" time="0.091"/>
  <testcase classname="Services.DeleteService" name="DeleteService1" time="0.044"/>
</testsuite> <!-- Services.DeleteService -->
