<?xml version="1.0" encoding="UTF-8"?>
<!-- Generated by org.testng.reporters.JUnitReportReporter -->
<testsuite hostname="Rahuls-MacBook-Pro.local" failures="0" tests="2" name="Products.Products" time="0.710" errors="0" timestamp="2019-08-23T11:15:19 BST" skipped="0">
  <testcase classname="Products.Products" name="GetProductById" time="0.011"/>
  <testcase classname="Products.Products" name="GetAllProducts" time="0.699"/>
</testsuite> <!-- Products.Products -->
