<?xml version="1.0" encoding="UTF-8"?>
<!-- Generated by org.testng.reporters.JUnitReportReporter -->
<testsuite hostname="Rahuls-MacBook-Pro.local" failures="0" tests="4" name="Products.ProductE2E" time="0.994" errors="0" timestamp="2019-08-29T13:07:10 BST" skipped="0">
  <testcase classname="Products.ProductE2E" name="GetProductById" time="0.058"/>
  <testcase classname="Products.ProductE2E" name="AddProduct" time="0.321"/>
  <testcase classname="Products.ProductE2E" name="GetAllProduct" time="0.589"/>
  <testcase classname="Products.ProductE2E" name="DeleteProduct" time="0.026"/>
</testsuite> <!-- Products.ProductE2E -->
