<?xml version="1.0" encoding="UTF-8"?>
<!-- Generated by org.testng.reporters.JUnitReportReporter -->
<testsuite hostname="Rahuls-MacBook-Pro.local" failures="0" tests="4" name="Services.ServiceE2E" time="0.048" errors="0" timestamp="2019-08-29T13:07:10 BST" skipped="0">
  <testcase classname="Services.ServiceE2E" name="GetAllService" time="0.008"/>
  <testcase classname="Services.ServiceE2E" name="AddService" time="0.015"/>
  <testcase classname="Services.ServiceE2E" name="GetServiceById" time="0.013"/>
  <testcase classname="Services.ServiceE2E" name="DeleteStore" time="0.012"/>
</testsuite> <!-- Services.ServiceE2E -->
