<?xml version="1.0" encoding="UTF-8"?>
<!-- Generated by org.testng.reporters.JUnitReportReporter -->
<testsuite hostname="Rahuls-MacBook-Pro.local" failures="0" tests="2" name="Services.GetAllService" time="0.114" errors="0" timestamp="2019-08-29T13:22:22 BST" skipped="0">
  <testcase classname="Services.GetAllService" name="GetAllServiceWithOutQueryParameters" time="0.030"/>
  <testcase classname="Services.GetAllService" name="GetAllServiceWithQueryParameters" time="0.084"/>
</testsuite> <!-- Services.GetAllService -->
