<?xml version="1.0" encoding="UTF-8"?>
<!-- Generated by org.testng.reporters.JUnitReportReporter -->
<testsuite hostname="Rahuls-MacBook-Pro.local" failures="0" tests="4" name="Categories.CategoryE2E" time="0.086" errors="0" timestamp="2019-08-29T13:07:10 BST" skipped="0">
  <testcase classname="Categories.CategoryE2E" name="GetCategoryById" time="0.019"/>
  <testcase classname="Categories.CategoryE2E" name="AddCategory" time="0.016"/>
  <testcase classname="Categories.CategoryE2E" name="GetAllCategory" time="0.037"/>
  <testcase classname="Categories.CategoryE2E" name="DeleteCategory" time="0.014"/>
</testsuite> <!-- Categories.CategoryE2E -->
