<?xml version="1.0" encoding="UTF-8"?>
<!-- Generated by org.testng.reporters.JUnitReportReporter -->
<testsuite hostname="Rahuls-MacBook-Pro.local" failures="0" tests="2" name="Services.AddService" time="0.101" errors="0" timestamp="2019-08-29T13:22:22 BST" skipped="1">
  <testcase classname="Services.AddService" name="AddServices1" time="0.101"/>
  <testcase classname="Services.AddService" name="AddServices2">
    <skipped/>
  </testcase> <!-- AddServices2 -->
</testsuite> <!-- Services.AddService -->
