<?xml version="1.0" encoding="UTF-8"?>
<!-- Generated by org.testng.reporters.JUnitReportReporter -->
<testsuite hostname="Rahuls-MacBook-Pro.local" failures="0" tests="1" name="Products.GetAllProduct" time="0.041" errors="0" timestamp="2019-08-29T13:21:28 BST" skipped="0">
  <testcase classname="Products.GetAllProduct" name="GetAllProduct1" time="0.041"/>
</testsuite> <!-- Products.GetAllProduct -->
