<?xml version="1.0" encoding="UTF-8"?>
<!-- Generated by org.testng.reporters.JUnitReportReporter -->
<testsuite hostname="Rahuls-MacBook-Pro.local" failures="0" tests="2" name="Products.DeleteProduct" time="0.323" errors="0" timestamp="2019-08-29T13:21:28 BST" skipped="0">
  <testcase classname="Products.DeleteProduct" name="DeleteProduct2" time="0.300"/>
  <testcase classname="Products.DeleteProduct" name="DeleteProduct1" time="0.023"/>
</testsuite> <!-- Products.DeleteProduct -->
