<?xml version="1.0" encoding="UTF-8"?>
<!-- Generated by org.testng.reporters.JUnitReportReporter -->
<testsuite hostname="Rahuls-MacBook-Pro.local" failures="0" tests="1" name="Utilities.Version" time="0.014" errors="0" timestamp="2019-08-29T13:07:10 BST" skipped="0">
  <testcase classname="Utilities.Version" name="VersionTest" time="0.014"/>
</testsuite> <!-- Utilities.Version -->
