<?xml version="1.0" encoding="UTF-8"?>
<!-- Generated by org.testng.reporters.JUnitReportReporter -->
<testsuite hostname="Rahuls-MacBook-Pro.local" failures="0" tests="2" name="Categories.AddCategory" time="0.027" errors="0" timestamp="2019-08-29T13:07:10 BST" skipped="0">
  <testcase classname="Categories.AddCategory" name="AddCategoryInValidpayload" time="0.014"/>
  <testcase classname="Categories.AddCategory" name="AddCategoryValidPayload" time="0.013"/>
</testsuite> <!-- Categories.AddCategory -->
