<?xml version="1.0" encoding="UTF-8"?>
<!-- Generated by org.testng.reporters.JUnitReportReporter -->
<testsuite hostname="Rahuls-MacBook-Pro.local" failures="0" tests="1" name="Stores.GetStoreByID" time="0.754" errors="0" timestamp="2019-08-29T13:22:39 BST" skipped="0">
  <testcase classname="Stores.GetStoreByID" name="GetStoreByID1" time="0.754"/>
</testsuite> <!-- Stores.GetStoreByID -->
