<?xml version="1.0" encoding="UTF-8"?>
<!-- Generated by org.testng.reporters.JUnitReportReporter -->
<testsuite hostname="Rahuls-MacBook-Pro.local" failures="0" tests="1" name="Services.GetServiceByID" time="1.147" errors="0" timestamp="2019-08-29T13:22:22 BST" skipped="0">
  <testcase classname="Services.GetServiceByID" name="GetServiceById" time="1.147"/>
</testsuite> <!-- Services.GetServiceByID -->
