<?xml version="1.0" encoding="UTF-8"?>
<!-- Generated by org.testng.reporters.JUnitReportReporter -->
<testsuite hostname="Rahuls-MacBook-Pro.local" failures="0" tests="2" name="Stores.DeleteStore" time="0.070" errors="0" timestamp="2019-08-29T13:22:39 BST" skipped="0">
  <testcase classname="Stores.DeleteStore" name="DeleteProduct1" time="0.022"/>
  <testcase classname="Stores.DeleteStore" name="DeleteProduct2" time="0.048"/>
</testsuite> <!-- Stores.DeleteStore -->
