<?xml version="1.0" encoding="UTF-8"?>
<!-- Generated by org.testng.reporters.JUnitReportReporter -->
<testsuite hostname="Rahuls-MacBook-Pro.local" failures="0" tests="2" name="Utilities.HealthCheck" time="0.049" errors="0" timestamp="2019-08-29T13:07:10 BST" skipped="0">
  <testcase classname="Utilities.HealthCheck" name="HealthCheckErrorTest" time="0.014"/>
  <testcase classname="Utilities.HealthCheck" name="HealthCheckTest" time="0.035"/>
</testsuite> <!-- Utilities.HealthCheck -->
