<?xml version="1.0" encoding="UTF-8"?>
<!-- Generated by org.testng.reporters.JUnitReportReporter -->
<testsuite hostname="Rahuls-MacBook-Pro.local" failures="0" tests="1" name="Stores.GetAllStore" time="0.040" errors="0" timestamp="2019-08-29T13:22:39 BST" skipped="0">
  <testcase classname="Stores.GetAllStore" name="GetAllProduct1" time="0.040"/>
</testsuite> <!-- Stores.GetAllStore -->
