<?xml version="1.0" encoding="UTF-8"?>
<!-- Generated by org.testng.reporters.JUnitReportReporter -->
<testsuite hostname="Rahuls-MacBook-Pro.local" failures="0" tests="1" name="Products.GetProductByID" time="0.051" errors="0" timestamp="2019-08-29T13:21:28 BST" skipped="0">
  <testcase classname="Products.GetProductByID" name="GetProductById1" time="0.051"/>
</testsuite> <!-- Products.GetProductByID -->
